[debug] [2018-02-01T20:07:36.615Z] ----------------------------------------------------------------------
[debug] [2018-02-01T20:07:36.620Z] Command:       /usr/local/bin/node /usr/local/bin/firebase deploy
[debug] [2018-02-01T20:07:36.620Z] CLI Version:   3.16.0
[debug] [2018-02-01T20:07:36.620Z] Platform:      darwin
[debug] [2018-02-01T20:07:36.621Z] Node Version:  v8.9.4
[debug] [2018-02-01T20:07:36.718Z] Time:          Thu Feb 01 2018 15:07:36 GMT-0500 (EST)
[debug] [2018-02-01T20:07:36.718Z] ----------------------------------------------------------------------
[debug] 
[debug] [2018-02-01T20:07:36.919Z] > command requires scopes: ["email","openid","https://www.googleapis.com/auth/cloudplatformprojects.readonly","https://www.googleapis.com/auth/firebase","https://www.googleapis.com/auth/cloud-platform"]
[debug] [2018-02-01T20:07:36.919Z] > authorizing via signed-in user
[debug] [2018-02-01T20:07:36.923Z] >>> HTTP REQUEST GET https://admin.firebase.com/v1/projects/folkmusic-dashboard  
  
 Thu Feb 01 2018 15:07:36 GMT-0500 (EST)
[debug] [2018-02-01T20:07:37.597Z] <<< HTTP RESPONSE 200
[debug] [2018-02-01T20:07:37.599Z] >>> HTTP REQUEST GET https://admin.firebase.com/v1/database/folkmusic-dashboard/tokens  
  
 Thu Feb 01 2018 15:07:37 GMT-0500 (EST)
[debug] [2018-02-01T20:07:38.064Z] <<< HTTP RESPONSE 200
[info] 
[info] === Deploying to 'folkmusic-dashboard'...
[info] 
[info] i  deploying functions
[debug] [2018-02-01T20:07:38.682Z] > [functions] package.json contents: {
  "name": "functions",
  "description": "Cloud Functions for Firebase",
  "scripts": {
    "serve": "firebase serve --only functions",
    "shell": "firebase experimental:functions:shell",
    "start": "npm run shell",
    "deploy": "firebase deploy --only functions",
    "logs": "firebase functions:log"
  },
  "dependencies": {
    "firebase-admin": "~5.5.0",
    "firebase-functions": "^0.7.1",
    "google-auth-library": "0.*",
    "googleapis": "^24.0.0"
  },
  "private": true
}
[info] i  functions: ensuring necessary APIs are enabled...
[debug] [2018-02-01T20:07:38.696Z] >>> HTTP REQUEST GET https://servicemanagement.googleapis.com/v1/services/cloudfunctions.googleapis.com/projectSettings/folkmusic-dashboard?view=CONSUMER_VIEW  
  
 Thu Feb 01 2018 15:07:38 GMT-0500 (EST)
[debug] [2018-02-01T20:07:38.696Z] >>> HTTP REQUEST GET https://servicemanagement.googleapis.com/v1/services/runtimeconfig.googleapis.com/projectSettings/folkmusic-dashboard?view=CONSUMER_VIEW  
  
 Thu Feb 01 2018 15:07:38 GMT-0500 (EST)
[debug] [2018-02-01T20:07:39.426Z] <<< HTTP RESPONSE 200
[debug] [2018-02-01T20:07:39.475Z] <<< HTTP RESPONSE 200
[info] ✔  functions: all necessary APIs are enabled
[debug] [2018-02-01T20:07:39.477Z] >>> HTTP REQUEST GET https://appengine.googleapis.com/v1/apps/folkmusic-dashboard  
  
 Thu Feb 01 2018 15:07:39 GMT-0500 (EST)
[debug] [2018-02-01T20:07:39.477Z] >>> HTTP REQUEST GET https://apikeys.googleapis.com/v1/projects/folkmusic-dashboard/apiKeys  
  
 Thu Feb 01 2018 15:07:39 GMT-0500 (EST)
[debug] [2018-02-01T20:07:39.775Z] <<< HTTP RESPONSE 200
[debug] [2018-02-01T20:07:39.935Z] <<< HTTP RESPONSE 200
